<?xml version="1.0" encoding="UTF-8"?>
<testsuite name="at.breakfast.streamexamples.TestQuestions" tests="1" skipped="0" failures="0" errors="0" timestamp="2019-06-03T07:31:26" hostname="DESKTOP-LLH4PKT" time="0.018">
  <properties/>
  <testcase name="questionOne" classname="at.breakfast.streamexamples.TestQuestions" time="0.018"/>
  <system-out><![CDATA[java.util.stream.ReferencePipeline$3@5be4a1df
]]></system-out>
  <system-err><![CDATA[]]></system-err>
</testsuite>
